# JRE version: OpenJDK Runtime Environment (11.0.12+7) (build 11.0.12+7-b1504.28-7817840)
# Java VM: OpenJDK 64-Bit Server VM (11.0.12+7-b1504.28-7817840, mixed mode, tiered, compressed oops, g1 gc, windows-amd64)
Heap:
 garbage-first heap   total 189440K, used 53708K [0x0000000080000000, 0x0000000100000000)
  region size 1024K, 10 young (10240K), 7 survivors (7168K)
 Metaspace       used 66325K, capacity 67874K, committed 68172K, reserved 1107968K
  class space    used 8387K, capacity 8962K, committed 9088K, reserved 1048576K
GC Heap History (20 events):
Event: 1.451 GC heap before
{Heap before GC invocations=2 (full 0):
 garbage-first heap   total 131072K, used 38252K [0x0000000080000000, 0x0000000100000000)
  region size 1024K, 29 young (29696K), 2 survivors (2048K)
 Metaspace       used 10842K, capacity 11073K, committed 11264K, reserved 1058816K
  class space    used 1131K, capacity 1207K, committed 1280K, reserved 1048576K
}
Event: 1.454 GC heap after
{Heap after GC invocations=3 (full 0):
 garbage-first heap   total 131072K, used 12239K [0x0000000080000000, 0x0000000100000000)
  region size 1024K, 4 young (4096K), 4 survivors (4096K)
 Metaspace       used 10842K, capacity 11073K, committed 11264K, reserved 1058816K
  class space    used 1131K, capacity 1207K, committed 1280K, reserved 1048576K
}
Event: 2.601 GC heap before
{Heap before GC invocations=3 (full 0):
 garbage-first heap   total 131072K, used 53199K [0x0000000080000000, 0x0000000100000000)
  region size 1024K, 45 young (46080K), 4 survivors (4096K)
 Metaspace       used 17409K, capacity 17779K, committed 18048K, reserved 1064960K
  class space    used 2034K, capacity 2145K, committed 2176K, reserved 1048576K
}
Event: 2.613 GC heap after
{Heap after GC invocations=4 (full 0):
 garbage-first heap   total 131072K, used 16143K [0x0000000080000000, 0x0000000100000000)
  region size 1024K, 6 young (6144K), 6 survivors (6144K)
 Metaspace       used 17409K, capacity 17779K, committed 18048K, reserved 1064960K
  class space    used 2034K, capacity 2145K, committed 2176K, reserved 1048576K
}
Event: 3.076 GC heap before
{Heap before GC invocations=4 (full 0):
 garbage-first heap   total 131072K, used 47887K [0x0000000080000000, 0x0000000100000000)
  region size 1024K, 38 young (38912K), 6 survivors (6144K)
 Metaspace       used 20737K, capacity 21135K, committed 21248K, reserved 1067008K
  class space    used 2544K, capacity 2710K, committed 2816K, reserved 1048576K
}
Event: 3.083 GC heap after
{Heap after GC invocations=5 (full 0):
 garbage-first heap   total 131072K, used 17173K [0x0000000080000000, 0x0000000100000000)
  region size 1024K, 6 young (6144K), 6 survivors (6144K)
 Metaspace       used 20737K, capacity 21135K, committed 21248K, reserved 1067008K
  class space    used 2544K, capacity 2710K, committed 2816K, reserved 1048576K
}
Event: 4.144 GC heap before
{Heap before GC invocations=6 (full 0):
 garbage-first heap   total 131072K, used 69397K [0x0000000080000000, 0x0000000100000000)
  region size 1024K, 57 young (58368K), 6 survivors (6144K)
 Metaspace       used 26153K, capacity 26687K, committed 27008K, reserved 1073152K
  class space    used 3390K, capacity 3587K, committed 3712K, reserved 1048576K
}
Event: 4.154 GC heap after
{Heap after GC invocations=7 (full 0):
 garbage-first heap   total 131072K, used 19291K [0x0000000080000000, 0x0000000100000000)
  region size 1024K, 4 young (4096K), 4 survivors (4096K)
 Metaspace       used 26153K, capacity 26687K, committed 27008K, reserved 1073152K
  class space    used 3390K, capacity 3587K, committed 3712K, reserved 1048576K
}
Event: 5.762 GC heap before
{Heap before GC invocations=7 (full 0):
 garbage-first heap   total 131072K, used 78683K [0x0000000080000000, 0x0000000100000000)
  region size 1024K, 63 young (64512K), 4 survivors (4096K)
 Metaspace       used 34951K, capacity 35787K, committed 35840K, reserved 1081344K
  class space    used 4532K, capacity 4839K, committed 4864K, reserved 1048576K
}
Event: 5.778 GC heap after
{Heap after GC invocations=8 (full 0):
 garbage-first heap   total 157696K, used 22655K [0x0000000080000000, 0x0000000100000000)
  region size 1024K, 7 young (7168K), 7 survivors (7168K)
 Metaspace       used 34951K, capacity 35787K, committed 35840K, reserved 1081344K
  class space    used 4532K, capacity 4839K, committed 4864K, reserved 1048576K
}
Event: 7.517 GC heap before
{Heap before GC invocations=9 (full 0):
 garbage-first heap   total 157696K, used 111743K [0x0000000080000000, 0x0000000100000000)
  region size 1024K, 92 young (94208K), 7 survivors (7168K)
 Metaspace       used 42267K, capacity 43257K, committed 43468K, reserved 1087488K
  class space    used 5438K, capacity 5824K, committed 5888K, reserved 1048576K
}
Event: 7.533 GC heap after
{Heap after GC invocations=10 (full 0):
 garbage-first heap   total 157696K, used 28792K [0x0000000080000000, 0x0000000100000000)
  region size 1024K, 12 young (12288K), 12 survivors (12288K)
 Metaspace       used 42267K, capacity 43257K, committed 43468K, reserved 1087488K
  class space    used 5438K, capacity 5824K, committed 5888K, reserved 1048576K
}
Event: 9.022 GC heap before
{Heap before GC invocations=10 (full 0):
 garbage-first heap   total 157696K, used 111736K [0x0000000080000000, 0x0000000100000000)
  region size 1024K, 92 young (94208K), 12 survivors (12288K)
 Metaspace       used 48077K, capacity 49281K, committed 49356K, reserved 1091584K
  class space    used 6160K, capacity 6616K, committed 6656K, reserved 1048576K
}
Event: 9.039 GC heap after
{Heap after GC invocations=11 (full 0):
 garbage-first heap   total 157696K, used 31333K [0x0000000080000000, 0x0000000100000000)
  region size 1024K, 9 young (9216K), 9 survivors (9216K)
 Metaspace       used 48077K, capacity 49281K, committed 49356K, reserved 1091584K
  class space    used 6160K, capacity 6616K, committed 6656K, reserved 1048576K
}
Event: 11.612 GC heap before
{Heap before GC invocations=11 (full 0):
 garbage-first heap   total 157696K, used 119397K [0x0000000080000000, 0x0000000100000000)
  region size 1024K, 92 young (94208K), 9 survivors (9216K)
 Metaspace       used 57295K, capacity 58670K, committed 58956K, reserved 1099776K
  class space    used 7249K, capacity 7766K, committed 7808K, reserved 1048576K
}
Event: 11.633 GC heap after
{Heap after GC invocations=12 (full 0):
 garbage-first heap   total 157696K, used 44615K [0x0000000080000000, 0x0000000100000000)
  region size 1024K, 12 young (12288K), 12 survivors (12288K)
 Metaspace       used 57295K, capacity 58670K, committed 58956K, reserved 1099776K
  class space    used 7249K, capacity 7766K, committed 7808K, reserved 1048576K
}
Event: 12.210 GC heap before
{Heap before GC invocations=12 (full 0):
 garbage-first heap   total 157696K, used 53831K [0x0000000080000000, 0x0000000100000000)
  region size 1024K, 22 young (22528K), 12 survivors (12288K)
 Metaspace       used 58722K, capacity 60146K, committed 60288K, reserved 1101824K
  class space    used 7412K, capacity 7911K, committed 7936K, reserved 1048576K
}
Event: 12.232 GC heap after
{Heap after GC invocations=13 (full 0):
 garbage-first heap   total 189440K, used 46050K [0x0000000080000000, 0x0000000100000000)
  region size 1024K, 2 young (2048K), 2 survivors (2048K)
 Metaspace       used 58722K, capacity 60146K, committed 60288K, reserved 1101824K
  class space    used 7412K, capacity 7911K, committed 7936K, reserved 1048576K
}
Event: 14.404 GC heap before
{Heap before GC invocations=14 (full 0):
 garbage-first heap   total 189440K, used 119778K [0x0000000080000000, 0x0000000100000000)
  region size 1024K, 74 young (75776K), 2 survivors (2048K)
 Metaspace       used 66158K, capacity 67710K, committed 67788K, reserved 1107968K
  class space    used 8350K, capacity 8930K, committed 8960K, reserved 1048576K
}
Event: 14.413 GC heap after
{Heap after GC invocations=15 (full 0):
 garbage-first heap   total 189440K, used 51660K [0x0000000080000000, 0x0000000100000000)
  region size 1024K, 7 young (7168K), 7 survivors (7168K)
 Metaspace       used 66158K, capacity 67710K, committed 67788K, reserved 1107968K
  class space    used 8350K, capacity 8930K, committed 8960K, reserved 1048576K
}

